<?xml version="1.0" encoding="UTF-8"?>
<testng-results skipped="0" failed="0" total="11" passed="11">
  <reporter-output>
  </reporter-output>
  <suite name="FREE CRM Test Automation Suite" duration-ms="276048" started-at="2020-02-25T03:16:40Z" finished-at="2020-02-25T03:21:16Z">
    <groups>
    </groups>
    <test name="FREE CRM APLLICATION Feature Test" duration-ms="276048" started-at="2020-02-25T03:16:40Z" finished-at="2020-02-25T03:21:16Z">
      <class name="com.crm.qa.testcases.HomePageTest">
        <test-method status="PASS" signature="setUp()[pri:0, instance:com.crm.qa.testcases.HomePageTest@5b275dab]" name="setUp" is-config="true" duration-ms="16908" started-at="2020-02-25T08:47:31Z" finished-at="2020-02-25T08:47:48Z">
          <reporter-output>
          </reporter-output>
        </test-method> <!-- setUp -->
        <test-method status="PASS" signature="verifyHomePageTitleTest()[pri:0, instance:com.crm.qa.testcases.HomePageTest@5b275dab]" name="verifyHomePageTitleTest" duration-ms="20" started-at="2020-02-25T08:47:48Z" finished-at="2020-02-25T08:47:48Z">
          <reporter-output>
          </reporter-output>
        </test-method> <!-- verifyHomePageTitleTest -->
        <test-method status="PASS" signature="tearDown()[pri:0, instance:com.crm.qa.testcases.HomePageTest@5b275dab]" name="tearDown" is-config="true" duration-ms="5456" started-at="2020-02-25T08:47:48Z" finished-at="2020-02-25T08:47:54Z">
          <reporter-output>
          </reporter-output>
        </test-method> <!-- tearDown -->
        <test-method status="PASS" signature="setUp()[pri:0, instance:com.crm.qa.testcases.HomePageTest@5b275dab]" name="setUp" is-config="true" duration-ms="13317" started-at="2020-02-25T08:47:54Z" finished-at="2020-02-25T08:48:07Z">
          <reporter-output>
          </reporter-output>
        </test-method> <!-- setUp -->
        <test-method status="PASS" signature="verifyUserNameTest()[pri:0, instance:com.crm.qa.testcases.HomePageTest@5b275dab]" name="verifyUserNameTest" duration-ms="2012" started-at="2020-02-25T08:48:07Z" finished-at="2020-02-25T08:48:09Z">
          <reporter-output>
          </reporter-output>
        </test-method> <!-- verifyUserNameTest -->
        <test-method status="PASS" signature="tearDown()[pri:0, instance:com.crm.qa.testcases.HomePageTest@5b275dab]" name="tearDown" is-config="true" duration-ms="5473" started-at="2020-02-25T08:48:09Z" finished-at="2020-02-25T08:48:14Z">
          <reporter-output>
          </reporter-output>
        </test-method> <!-- tearDown -->
        <test-method status="PASS" signature="setUp()[pri:0, instance:com.crm.qa.testcases.HomePageTest@5b275dab]" name="setUp" is-config="true" duration-ms="16067" started-at="2020-02-25T08:48:14Z" finished-at="2020-02-25T08:48:31Z">
          <reporter-output>
          </reporter-output>
        </test-method> <!-- setUp -->
        <test-method status="PASS" signature="verifyContactsLinkTest()[pri:0, instance:com.crm.qa.testcases.HomePageTest@5b275dab]" name="verifyContactsLinkTest" duration-ms="1733" started-at="2020-02-25T08:48:31Z" finished-at="2020-02-25T08:48:32Z">
          <reporter-output>
          </reporter-output>
        </test-method> <!-- verifyContactsLinkTest -->
        <test-method status="PASS" signature="tearDown()[pri:0, instance:com.crm.qa.testcases.HomePageTest@5b275dab]" name="tearDown" is-config="true" duration-ms="6468" started-at="2020-02-25T08:48:32Z" finished-at="2020-02-25T08:48:39Z">
          <reporter-output>
          </reporter-output>
        </test-method> <!-- tearDown -->
      </class> <!-- com.crm.qa.testcases.HomePageTest -->
      <class name="com.crm.qa.testcases.ContactsPageTest">
        <test-method status="PASS" signature="setUp()[pri:0, instance:com.crm.qa.testcases.ContactsPageTest@61832929]" name="setUp" is-config="true" duration-ms="17538" started-at="2020-02-25T08:48:39Z" finished-at="2020-02-25T08:48:56Z">
          <reporter-output>
          </reporter-output>
        </test-method> <!-- setUp -->
        <test-method status="PASS" signature="verifyContactsPageLabel()[pri:0, instance:com.crm.qa.testcases.ContactsPageTest@61832929]" name="verifyContactsPageLabel" duration-ms="288" started-at="2020-02-25T08:48:56Z" finished-at="2020-02-25T08:48:57Z">
          <reporter-output>
          </reporter-output>
        </test-method> <!-- verifyContactsPageLabel -->
        <test-method status="PASS" signature="tearDown()[pri:0, instance:com.crm.qa.testcases.ContactsPageTest@61832929]" name="tearDown" is-config="true" duration-ms="4763" started-at="2020-02-25T08:48:57Z" finished-at="2020-02-25T08:49:01Z">
          <reporter-output>
          </reporter-output>
        </test-method> <!-- tearDown -->
        <test-method status="PASS" signature="setUp()[pri:0, instance:com.crm.qa.testcases.ContactsPageTest@61832929]" name="setUp" is-config="true" duration-ms="15672" started-at="2020-02-25T08:49:04Z" finished-at="2020-02-25T08:49:19Z">
          <reporter-output>
          </reporter-output>
        </test-method> <!-- setUp -->
        <test-method status="PASS" signature="validateCreateNewContact(java.lang.String, java.lang.String)[pri:0, instance:com.crm.qa.testcases.ContactsPageTest@61832929]" name="validateCreateNewContact" duration-ms="4102" started-at="2020-02-25T08:49:19Z" data-provider="getCRMTestData" finished-at="2020-02-25T08:49:23Z">
          <params>
            <param index="0">
              <value>
                <![CDATA[Captain]]>
              </value>
            </param>
            <param index="1">
              <value>
                <![CDATA[America]]>
              </value>
            </param>
          </params>
          <reporter-output>
          </reporter-output>
        </test-method> <!-- validateCreateNewContact -->
        <test-method status="PASS" signature="tearDown()[pri:0, instance:com.crm.qa.testcases.ContactsPageTest@61832929]" name="tearDown" is-config="true" duration-ms="5531" started-at="2020-02-25T08:49:23Z" finished-at="2020-02-25T08:49:29Z">
          <reporter-output>
          </reporter-output>
        </test-method> <!-- tearDown -->
        <test-method status="PASS" signature="setUp()[pri:0, instance:com.crm.qa.testcases.ContactsPageTest@61832929]" name="setUp" is-config="true" duration-ms="16679" started-at="2020-02-25T08:49:29Z" finished-at="2020-02-25T08:49:46Z">
          <reporter-output>
          </reporter-output>
        </test-method> <!-- setUp -->
        <test-method status="PASS" signature="validateCreateNewContact(java.lang.String, java.lang.String)[pri:0, instance:com.crm.qa.testcases.ContactsPageTest@61832929]" name="validateCreateNewContact" duration-ms="4181" started-at="2020-02-25T08:49:46Z" data-provider="getCRMTestData" finished-at="2020-02-25T08:49:50Z">
          <params>
            <param index="0">
              <value>
                <![CDATA[Tony]]>
              </value>
            </param>
            <param index="1">
              <value>
                <![CDATA[Stark]]>
              </value>
            </param>
          </params>
          <reporter-output>
          </reporter-output>
        </test-method> <!-- validateCreateNewContact -->
        <test-method status="PASS" signature="tearDown()[pri:0, instance:com.crm.qa.testcases.ContactsPageTest@61832929]" name="tearDown" is-config="true" duration-ms="5547" started-at="2020-02-25T08:49:50Z" finished-at="2020-02-25T08:49:55Z">
          <reporter-output>
          </reporter-output>
        </test-method> <!-- tearDown -->
        <test-method status="PASS" signature="setUp()[pri:0, instance:com.crm.qa.testcases.ContactsPageTest@61832929]" name="setUp" is-config="true" duration-ms="16244" started-at="2020-02-25T08:49:55Z" finished-at="2020-02-25T08:50:12Z">
          <reporter-output>
          </reporter-output>
        </test-method> <!-- setUp -->
        <test-method status="PASS" signature="validateCreateNewContact(java.lang.String, java.lang.String)[pri:0, instance:com.crm.qa.testcases.ContactsPageTest@61832929]" name="validateCreateNewContact" duration-ms="2951" started-at="2020-02-25T08:50:12Z" data-provider="getCRMTestData" finished-at="2020-02-25T08:50:15Z">
          <params>
            <param index="0">
              <value>
                <![CDATA[The]]>
              </value>
            </param>
            <param index="1">
              <value>
                <![CDATA[Thor]]>
              </value>
            </param>
          </params>
          <reporter-output>
          </reporter-output>
        </test-method> <!-- validateCreateNewContact -->
        <test-method status="PASS" signature="tearDown()[pri:0, instance:com.crm.qa.testcases.ContactsPageTest@61832929]" name="tearDown" is-config="true" duration-ms="6122" started-at="2020-02-25T08:50:15Z" finished-at="2020-02-25T08:50:21Z">
          <reporter-output>
          </reporter-output>
        </test-method> <!-- tearDown -->
        <test-method status="PASS" signature="setUp()[pri:0, instance:com.crm.qa.testcases.ContactsPageTest@61832929]" name="setUp" is-config="true" duration-ms="20948" started-at="2020-02-25T08:50:21Z" finished-at="2020-02-25T08:50:42Z">
          <reporter-output>
          </reporter-output>
        </test-method> <!-- setUp -->
        <test-method status="PASS" signature="validateCreateNewContact(java.lang.String, java.lang.String)[pri:0, instance:com.crm.qa.testcases.ContactsPageTest@61832929]" name="validateCreateNewContact" duration-ms="3052" started-at="2020-02-25T08:50:42Z" data-provider="getCRMTestData" finished-at="2020-02-25T08:50:45Z">
          <params>
            <param index="0">
              <value>
                <![CDATA[The]]>
              </value>
            </param>
            <param index="1">
              <value>
                <![CDATA[Hulk]]>
              </value>
            </param>
          </params>
          <reporter-output>
          </reporter-output>
        </test-method> <!-- validateCreateNewContact -->
        <test-method status="PASS" signature="tearDown()[pri:0, instance:com.crm.qa.testcases.ContactsPageTest@61832929]" name="tearDown" is-config="true" duration-ms="5320" started-at="2020-02-25T08:50:45Z" finished-at="2020-02-25T08:50:50Z">
          <reporter-output>
          </reporter-output>
        </test-method> <!-- tearDown -->
        <test-method status="PASS" signature="setUp()[pri:0, instance:com.crm.qa.testcases.ContactsPageTest@61832929]" name="setUp" is-config="true" duration-ms="16385" started-at="2020-02-25T08:50:50Z" finished-at="2020-02-25T08:51:06Z">
          <reporter-output>
          </reporter-output>
        </test-method> <!-- setUp -->
        <test-method status="PASS" signature="validateCreateNewContact(java.lang.String, java.lang.String)[pri:0, instance:com.crm.qa.testcases.ContactsPageTest@61832929]" name="validateCreateNewContact" duration-ms="4923" started-at="2020-02-25T08:51:06Z" data-provider="getCRMTestData" finished-at="2020-02-25T08:51:11Z">
          <params>
            <param index="0">
              <value>
                <![CDATA[Doctor]]>
              </value>
            </param>
            <param index="1">
              <value>
                <![CDATA[Strange]]>
              </value>
            </param>
          </params>
          <reporter-output>
          </reporter-output>
        </test-method> <!-- validateCreateNewContact -->
        <test-method status="PASS" signature="tearDown()[pri:0, instance:com.crm.qa.testcases.ContactsPageTest@61832929]" name="tearDown" is-config="true" duration-ms="4485" started-at="2020-02-25T08:51:11Z" finished-at="2020-02-25T08:51:16Z">
          <reporter-output>
          </reporter-output>
        </test-method> <!-- tearDown -->
      </class> <!-- com.crm.qa.testcases.ContactsPageTest -->
      <class name="com.crm.qa.testcases.LoginPageTest">
        <test-method status="PASS" signature="setUp()[pri:0, instance:com.crm.qa.testcases.LoginPageTest@cb5822]" name="setUp" is-config="true" duration-ms="18031" started-at="2020-02-25T08:46:40Z" finished-at="2020-02-25T08:46:58Z">
          <reporter-output>
          </reporter-output>
        </test-method> <!-- setUp -->
        <test-method status="PASS" signature="loginPageTitleTest()[pri:0, instance:com.crm.qa.testcases.LoginPageTest@cb5822]" name="loginPageTitleTest" duration-ms="103" started-at="2020-02-25T08:46:58Z" finished-at="2020-02-25T08:46:58Z">
          <reporter-output>
          </reporter-output>
        </test-method> <!-- loginPageTitleTest -->
        <test-method status="PASS" signature="tearDown()[pri:0, instance:com.crm.qa.testcases.LoginPageTest@cb5822]" name="tearDown" is-config="true" duration-ms="5069" started-at="2020-02-25T08:46:58Z" finished-at="2020-02-25T08:47:03Z">
          <reporter-output>
          </reporter-output>
        </test-method> <!-- tearDown -->
        <test-method status="PASS" signature="setUp()[pri:0, instance:com.crm.qa.testcases.LoginPageTest@cb5822]" name="setUp" is-config="true" duration-ms="20674" started-at="2020-02-25T08:47:03Z" finished-at="2020-02-25T08:47:24Z">
          <reporter-output>
          </reporter-output>
        </test-method> <!-- setUp -->
        <test-method status="PASS" signature="loginTest()[pri:0, instance:com.crm.qa.testcases.LoginPageTest@cb5822]" name="loginTest" duration-ms="1477" started-at="2020-02-25T08:47:24Z" finished-at="2020-02-25T08:47:25Z">
          <reporter-output>
          </reporter-output>
        </test-method> <!-- loginTest -->
        <test-method status="PASS" signature="tearDown()[pri:0, instance:com.crm.qa.testcases.LoginPageTest@cb5822]" name="tearDown" is-config="true" duration-ms="6169" started-at="2020-02-25T08:47:25Z" finished-at="2020-02-25T08:47:31Z">
          <reporter-output>
          </reporter-output>
        </test-method> <!-- tearDown -->
      </class> <!-- com.crm.qa.testcases.LoginPageTest -->
    </test> <!-- FREE CRM APLLICATION Feature Test -->
  </suite> <!-- FREE CRM Test Automation Suite -->
</testng-results>
